2019-08-14 12:54:38.279  INFO 32487 --- [main] com.example.email.EMailApplication       : Starting EMailApplication on MBP-Smilyk with PID 32487 (/Users/smilyk/IdeaProjects/e-mail/target/classes started by smilyk in /Users/smilyk/IdeaProjects/e-mail)
2019-08-14 12:54:38.283  INFO 32487 --- [main] com.example.email.EMailApplication       : No active profile set, falling back to default profiles: default
2019-08-14 12:54:39.644  INFO 32487 --- [main] o.s.b.w.embedded.tomcat.TomcatWebServer  : Tomcat initialized with port(s): 8080 (http)
2019-08-14 12:54:39.666  INFO 32487 --- [main] o.apache.catalina.core.StandardService   : Starting service [Tomcat]
2019-08-14 12:54:39.666  INFO 32487 --- [main] org.apache.catalina.core.StandardEngine  : Starting Servlet engine: [Apache Tomcat/9.0.22]
2019-08-14 12:54:39.738  INFO 32487 --- [main] o.a.c.c.C.[Tomcat].[localhost].[/]       : Initializing Spring embedded WebApplicationContext
2019-08-14 12:54:39.739 DEBUG 32487 --- [main] o.s.web.context.ContextLoader            : Published root WebApplicationContext as ServletContext attribute with name [org.springframework.web.context.WebApplicationContext.ROOT]
2019-08-14 12:54:39.740  INFO 32487 --- [main] o.s.web.context.ContextLoader            : Root WebApplicationContext: initialization completed in 1415 ms
2019-08-14 12:54:39.837 DEBUG 32487 --- [main] o.s.w.s.handler.SimpleUrlHandlerMapping  : Patterns [/**/favicon.ico] in 'faviconHandlerMapping'
2019-08-14 12:54:39.940  INFO 32487 --- [main] o.s.s.concurrent.ThreadPoolTaskExecutor  : Initializing ExecutorService 'applicationTaskExecutor'
2019-08-14 12:54:39.952 DEBUG 32487 --- [main] s.w.s.m.m.a.RequestMappingHandlerAdapter : ControllerAdvice beans: 0 @ModelAttribute, 0 @InitBinder, 1 RequestBodyAdvice, 1 ResponseBodyAdvice
2019-08-14 12:54:39.991 DEBUG 32487 --- [main] s.w.s.m.m.a.RequestMappingHandlerMapping : 3 mappings in 'requestMappingHandlerMapping'
2019-08-14 12:54:40.001 DEBUG 32487 --- [main] o.s.w.s.handler.SimpleUrlHandlerMapping  : Patterns [/webjars/**, /**] in 'resourceHandlerMapping'
2019-08-14 12:54:40.006 DEBUG 32487 --- [main] .m.m.a.ExceptionHandlerExceptionResolver : ControllerAdvice beans: 0 @ExceptionHandler, 1 ResponseBodyAdvice
2019-08-14 12:54:40.099  INFO 32487 --- [main] o.s.b.w.embedded.tomcat.TomcatWebServer  : Tomcat started on port(s): 8080 (http) with context path ''
2019-08-14 12:54:40.102  INFO 32487 --- [main] com.example.email.EMailApplication       : Started EMailApplication in 2.4 seconds (JVM running for 3.135)
2019-08-14 12:54:51.226  INFO 32487 --- [http-nio-8080-exec-2] o.a.c.c.C.[Tomcat].[localhost].[/]       : Initializing Spring DispatcherServlet 'dispatcherServlet'
2019-08-14 12:54:51.227  INFO 32487 --- [http-nio-8080-exec-2] o.s.web.servlet.DispatcherServlet        : Initializing Servlet 'dispatcherServlet'
2019-08-14 12:54:51.227 DEBUG 32487 --- [http-nio-8080-exec-2] o.s.web.servlet.DispatcherServlet        : Detected StandardServletMultipartResolver
2019-08-14 12:54:51.250 DEBUG 32487 --- [http-nio-8080-exec-2] o.s.web.servlet.DispatcherServlet        : enableLoggingRequestDetails='false': request parameters and headers will be masked to prevent unsafe logging of potentially sensitive data
2019-08-14 12:54:51.250  INFO 32487 --- [http-nio-8080-exec-2] o.s.web.servlet.DispatcherServlet        : Completed initialization in 23 ms
2019-08-14 12:54:51.269 DEBUG 32487 --- [http-nio-8080-exec-2] o.s.web.servlet.DispatcherServlet        : GET "/", parameters={}
2019-08-14 12:54:51.278 DEBUG 32487 --- [http-nio-8080-exec-2] o.s.w.s.handler.SimpleUrlHandlerMapping  : Mapped to ResourceHttpRequestHandler ["classpath:/META-INF/resources/", "classpath:/resources/", "classpath:/static/", "classpath:/public/", "/"]
2019-08-14 12:54:51.280 DEBUG 32487 --- [http-nio-8080-exec-2] o.s.w.s.r.ResourceHttpRequestHandler     : Resource not found
2019-08-14 12:54:51.280 DEBUG 32487 --- [http-nio-8080-exec-2] o.s.web.servlet.DispatcherServlet        : Completed 404 NOT_FOUND
2019-08-14 12:54:51.288 DEBUG 32487 --- [http-nio-8080-exec-2] o.s.web.servlet.DispatcherServlet        : "ERROR" dispatch for GET "/error", parameters={}
2019-08-14 12:54:51.290 DEBUG 32487 --- [http-nio-8080-exec-2] s.w.s.m.m.a.RequestMappingHandlerMapping : Mapped to public org.springframework.http.ResponseEntity<java.util.Map<java.lang.String, java.lang.Object>> org.springframework.boot.autoconfigure.web.servlet.error.BasicErrorController.error(javax.servlet.http.HttpServletRequest)
2019-08-14 12:54:51.327 DEBUG 32487 --- [http-nio-8080-exec-2] o.s.w.s.m.m.a.HttpEntityMethodProcessor  : Using 'application/json', given [*/*] and supported [application/json, application/*+json, application/json, application/*+json]
2019-08-14 12:54:51.329 DEBUG 32487 --- [http-nio-8080-exec-2] o.s.w.s.m.m.a.HttpEntityMethodProcessor  : Writing [{timestamp=Wed Aug 14 12:54:51 IDT 2019, status=404, error=Not Found, message=No message available,  (truncated)...]
2019-08-14 12:54:51.388 DEBUG 32487 --- [http-nio-8080-exec-2] o.s.web.servlet.DispatcherServlet        : Exiting from "ERROR" dispatch, status 404
2019-08-14 12:54:54.033 DEBUG 32487 --- [http-nio-8080-exec-3] o.s.web.servlet.DispatcherServlet        : GET "/sendHtmlEmail", parameters={}
2019-08-14 12:54:54.033 DEBUG 32487 --- [http-nio-8080-exec-3] s.w.s.m.m.a.RequestMappingHandlerMapping : Mapped to java.lang.String com.example.email.SimpleEmailExampleController.sendSimpleEmail() throws javax.mail.MessagingException
2019-08-14 12:54:56.559 DEBUG 32487 --- [http-nio-8080-exec-3] m.m.a.RequestResponseBodyMethodProcessor : Using 'text/plain', given [*/*] and supported [text/plain, */*, text/plain, */*, application/json, application/*+json, application/json, application/*+json]
2019-08-14 12:54:56.559 DEBUG 32487 --- [http-nio-8080-exec-3] m.m.a.RequestResponseBodyMethodProcessor : Writing ["Email Sent!"]
2019-08-14 12:54:56.561 DEBUG 32487 --- [http-nio-8080-exec-3] o.s.web.servlet.DispatcherServlet        : Completed 200 OK
2019-08-14 12:55:08.307  INFO 32487 --- [Thread-7] o.s.s.concurrent.ThreadPoolTaskExecutor  : Shutting down ExecutorService 'applicationTaskExecutor'
