2019-08-16 08:02:35.182  INFO MBP-Smilyk --- [           main] c.e.e.EMailApplication                   : Starting EMailApplication on MBP-Smilyk with PID 60107 (/Users/smilyk/IdeaProjects/e-mail/target/classes started by smilyk in /Users/smilyk/IdeaProjects/e-mail)
2019-08-16 08:02:35.207  INFO MBP-Smilyk --- [           main] c.e.e.EMailApplication                   : No active profile set, falling back to default profiles: default
2019-08-16 08:02:36.490  INFO MBP-Smilyk --- [           main] o.s.b.w.e.t.TomcatWebServer              : Tomcat initialized with port(s): 8080 (http)
2019-08-16 08:02:36.518  INFO MBP-Smilyk --- [           main] o.a.c.h.Http11NioProtocol                : Initializing ProtocolHandler ["http-nio-8080"]
2019-08-16 08:02:36.527  INFO MBP-Smilyk --- [           main] o.a.c.c.StandardService                  : Starting service [Tomcat]
2019-08-16 08:02:36.527  INFO MBP-Smilyk --- [           main] o.a.c.c.StandardEngine                   : Starting Servlet engine: [Apache Tomcat/9.0.22]
2019-08-16 08:02:36.602  INFO MBP-Smilyk --- [           main] o.a.c.c.C.[.[.[/]                        : Initializing Spring embedded WebApplicationContext
2019-08-16 08:02:36.602 DEBUG MBP-Smilyk --- [           main] o.s.w.c.ContextLoader                    : Published root WebApplicationContext as ServletContext attribute with name [org.springframework.web.context.WebApplicationContext.ROOT]
2019-08-16 08:02:36.603  INFO MBP-Smilyk --- [           main] o.s.w.c.ContextLoader                    : Root WebApplicationContext: initialization completed in 1250 ms
2019-08-16 08:02:36.712 DEBUG MBP-Smilyk --- [           main] o.s.w.s.h.SimpleUrlHandlerMapping        : Patterns [/**/favicon.ico] in 'faviconHandlerMapping'
2019-08-16 08:02:36.813  INFO MBP-Smilyk --- [           main] o.s.s.c.ThreadPoolTaskExecutor           : Initializing ExecutorService 'applicationTaskExecutor'
2019-08-16 08:02:36.824 DEBUG MBP-Smilyk --- [           main] s.w.s.m.m.a.RequestMappingHandlerAdapter : ControllerAdvice beans: 0 @ModelAttribute, 0 @InitBinder, 1 RequestBodyAdvice, 1 ResponseBodyAdvice
2019-08-16 08:02:36.882 DEBUG MBP-Smilyk --- [           main] s.w.s.m.m.a.RequestMappingHandlerMapping : 3 mappings in 'requestMappingHandlerMapping'
2019-08-16 08:02:36.891 DEBUG MBP-Smilyk --- [           main] o.s.w.s.h.SimpleUrlHandlerMapping        : Patterns [/webjars/**, /**] in 'resourceHandlerMapping'
2019-08-16 08:02:36.897 DEBUG MBP-Smilyk --- [           main] .m.m.a.ExceptionHandlerExceptionResolver : ControllerAdvice beans: 0 @ExceptionHandler, 1 ResponseBodyAdvice
2019-08-16 08:02:36.983  INFO MBP-Smilyk --- [           main] o.a.c.h.Http11NioProtocol                : Starting ProtocolHandler ["http-nio-8080"]
2019-08-16 08:02:37.028  INFO MBP-Smilyk --- [           main] o.s.b.w.e.t.TomcatWebServer              : Tomcat started on port(s): 8080 (http) with context path ''
2019-08-16 08:02:37.034  INFO MBP-Smilyk --- [           main] c.e.e.EMailApplication                   : Started EMailApplication in 2.369 seconds (JVM running for 4.033)
2019-08-16 08:02:37.035  INFO MBP-Smilyk --- [           main] c.e.e.EMailApplication                   : Info log
2019-08-16 08:02:37.036  WARN MBP-Smilyk --- [           main] c.e.e.EMailApplication                   : Hey, This is a warning!
2019-08-16 08:02:37.036 ERROR MBP-Smilyk --- [           main] c.e.e.EMailApplication                   : Oops! We have an Error. OK
2019-08-16 08:02:37.036 FATAL MBP-Smilyk --- [           main] c.e.e.EMailApplication                   : Damn! Fatal error. Please fix me.
2019-08-16 08:02:56.698  INFO MBP-Smilyk --- [nio-8080-exec-2] o.a.c.c.C.[.[.[/]                        : Initializing Spring DispatcherServlet 'dispatcherServlet'
2019-08-16 08:02:56.699  INFO MBP-Smilyk --- [nio-8080-exec-2] o.s.w.s.DispatcherServlet                : Initializing Servlet 'dispatcherServlet'
2019-08-16 08:02:56.699 DEBUG MBP-Smilyk --- [nio-8080-exec-2] o.s.w.s.DispatcherServlet                : Detected StandardServletMultipartResolver
2019-08-16 08:02:56.706 DEBUG MBP-Smilyk --- [nio-8080-exec-2] o.s.w.s.DispatcherServlet                : enableLoggingRequestDetails='false': request parameters and headers will be masked to prevent unsafe logging of potentially sensitive data
2019-08-16 08:02:56.706  INFO MBP-Smilyk --- [nio-8080-exec-2] o.s.w.s.DispatcherServlet                : Completed initialization in 7 ms
2019-08-16 08:02:56.714 DEBUG MBP-Smilyk --- [nio-8080-exec-2] o.s.w.s.DispatcherServlet                : GET "/sendHtmlEmail", parameters={}
2019-08-16 08:02:56.720 DEBUG MBP-Smilyk --- [nio-8080-exec-2] s.w.s.m.m.a.RequestMappingHandlerMapping : Mapped to java.lang.String com.example.email.SimpleEmailExampleController.sendSimpleEmail() throws javax.mail.MessagingException
2019-08-16 08:02:58.409 DEBUG MBP-Smilyk --- [nio-8080-exec-2] o.s.w.s.DispatcherServlet                : Failed to complete request: org.springframework.mail.MailAuthenticationException: Authentication failed; nested exception is javax.mail.AuthenticationFailedException: 535-5.7.8 Username and Password not accepted. Learn more at
535 5.7.8  https://support.google.com/mail/?p=BadCredentials j9sm4141982wrx.66 - gsmtp

2019-08-16 08:02:58.411 ERROR MBP-Smilyk --- [nio-8080-exec-2] o.a.c.c.C.[.[.[.[dispatcherServlet]      : Servlet.service() for servlet [dispatcherServlet] in context with path [] threw exception [Request processing failed; nested exception is org.springframework.mail.MailAuthenticationException: Authentication failed; nested exception is javax.mail.AuthenticationFailedException: 535-5.7.8 Username and Password not accepted. Learn more at
535 5.7.8  https://support.google.com/mail/?p=BadCredentials j9sm4141982wrx.66 - gsmtp
] with root cause
javax.mail.AuthenticationFailedException: 535-5.7.8 Username and Password not accepted. Learn more at
535 5.7.8  https://support.google.com/mail/?p=BadCredentials j9sm4141982wrx.66 - gsmtp

	at com.sun.mail.smtp.SMTPTransport$Authenticator.authenticate(SMTPTransport.java:965)
	at com.sun.mail.smtp.SMTPTransport.authenticate(SMTPTransport.java:876)
	at com.sun.mail.smtp.SMTPTransport.protocolConnect(SMTPTransport.java:780)
	at javax.mail.Service.connect(Service.java:366)
	at org.springframework.mail.javamail.JavaMailSenderImpl.connectTransport(JavaMailSenderImpl.java:517)
	at org.springframework.mail.javamail.JavaMailSenderImpl.doSend(JavaMailSenderImpl.java:436)
	at org.springframework.mail.javamail.JavaMailSenderImpl.send(JavaMailSenderImpl.java:360)
	at org.springframework.mail.javamail.JavaMailSenderImpl.send(JavaMailSenderImpl.java:355)
	at com.example.email.SimpleEmailExampleController.sendSimpleEmail(SimpleEmailExampleController.java:44)
	at sun.reflect.NativeMethodAccessorImpl.invoke0(Native Method)
	at sun.reflect.NativeMethodAccessorImpl.invoke(NativeMethodAccessorImpl.java:62)
	at sun.reflect.DelegatingMethodAccessorImpl.invoke(DelegatingMethodAccessorImpl.java:43)
	at java.lang.reflect.Method.invoke(Method.java:498)
	at org.springframework.web.method.support.InvocableHandlerMethod.doInvoke(InvocableHandlerMethod.java:190)
	at org.springframework.web.method.support.InvocableHandlerMethod.invokeForRequest(InvocableHandlerMethod.java:138)
	at org.springframework.web.servlet.mvc.method.annotation.ServletInvocableHandlerMethod.invokeAndHandle(ServletInvocableHandlerMethod.java:104)
	at org.springframework.web.servlet.mvc.method.annotation.RequestMappingHandlerAdapter.invokeHandlerMethod(RequestMappingHandlerAdapter.java:892)
	at org.springframework.web.servlet.mvc.method.annotation.RequestMappingHandlerAdapter.handleInternal(RequestMappingHandlerAdapter.java:797)
	at org.springframework.web.servlet.mvc.method.AbstractHandlerMethodAdapter.handle(AbstractHandlerMethodAdapter.java:87)
	at org.springframework.web.servlet.DispatcherServlet.doDispatch(DispatcherServlet.java:1039)
	at org.springframework.web.servlet.DispatcherServlet.doService(DispatcherServlet.java:942)
	at org.springframework.web.servlet.FrameworkServlet.processRequest(FrameworkServlet.java:1005)
	at org.springframework.web.servlet.FrameworkServlet.doGet(FrameworkServlet.java:897)
	at javax.servlet.http.HttpServlet.service(HttpServlet.java:634)
	at org.springframework.web.servlet.FrameworkServlet.service(FrameworkServlet.java:882)
	at javax.servlet.http.HttpServlet.service(HttpServlet.java:741)
	at org.apache.catalina.core.ApplicationFilterChain.internalDoFilter(ApplicationFilterChain.java:231)
	at org.apache.catalina.core.ApplicationFilterChain.doFilter(ApplicationFilterChain.java:166)
	at org.apache.tomcat.websocket.server.WsFilter.doFilter(WsFilter.java:53)
	at org.apache.catalina.core.ApplicationFilterChain.internalDoFilter(ApplicationFilterChain.java:193)
	at org.apache.catalina.core.ApplicationFilterChain.doFilter(ApplicationFilterChain.java:166)
	at org.springframework.web.filter.RequestContextFilter.doFilterInternal(RequestContextFilter.java:99)
	at org.springframework.web.filter.OncePerRequestFilter.doFilter(OncePerRequestFilter.java:118)
	at org.apache.catalina.core.ApplicationFilterChain.internalDoFilter(ApplicationFilterChain.java:193)
	at org.apache.catalina.core.ApplicationFilterChain.doFilter(ApplicationFilterChain.java:166)
	at org.springframework.web.filter.FormContentFilter.doFilterInternal(FormContentFilter.java:92)
	at org.springframework.web.filter.OncePerRequestFilter.doFilter(OncePerRequestFilter.java:118)
	at org.apache.catalina.core.ApplicationFilterChain.internalDoFilter(ApplicationFilterChain.java:193)
	at org.apache.catalina.core.ApplicationFilterChain.doFilter(ApplicationFilterChain.java:166)
	at org.springframework.web.filter.HiddenHttpMethodFilter.doFilterInternal(HiddenHttpMethodFilter.java:93)
	at org.springframework.web.filter.OncePerRequestFilter.doFilter(OncePerRequestFilter.java:118)
	at org.apache.catalina.core.ApplicationFilterChain.internalDoFilter(ApplicationFilterChain.java:193)
	at org.apache.catalina.core.ApplicationFilterChain.doFilter(ApplicationFilterChain.java:166)
	at org.springframework.web.filter.CharacterEncodingFilter.doFilterInternal(CharacterEncodingFilter.java:200)
	at org.springframework.web.filter.OncePerRequestFilter.doFilter(OncePerRequestFilter.java:118)
	at org.apache.catalina.core.ApplicationFilterChain.internalDoFilter(ApplicationFilterChain.java:193)
	at org.apache.catalina.core.ApplicationFilterChain.doFilter(ApplicationFilterChain.java:166)
	at org.apache.catalina.core.StandardWrapperValve.invoke(StandardWrapperValve.java:202)
	at org.apache.catalina.core.StandardContextValve.invoke(StandardContextValve.java:96)
	at org.apache.catalina.authenticator.AuthenticatorBase.invoke(AuthenticatorBase.java:490)
	at org.apache.catalina.core.StandardHostValve.invoke(StandardHostValve.java:139)
	at org.apache.catalina.valves.ErrorReportValve.invoke(ErrorReportValve.java:92)
	at org.apache.catalina.core.StandardEngineValve.invoke(StandardEngineValve.java:74)
	at org.apache.catalina.connector.CoyoteAdapter.service(CoyoteAdapter.java:343)
	at org.apache.coyote.http11.Http11Processor.service(Http11Processor.java:408)
	at org.apache.coyote.AbstractProcessorLight.process(AbstractProcessorLight.java:66)
	at org.apache.coyote.AbstractProtocol$ConnectionHandler.process(AbstractProtocol.java:853)
	at org.apache.tomcat.util.net.NioEndpoint$SocketProcessor.doRun(NioEndpoint.java:1587)
	at org.apache.tomcat.util.net.SocketProcessorBase.run(SocketProcessorBase.java:49)
	at java.util.concurrent.ThreadPoolExecutor.runWorker(ThreadPoolExecutor.java:1149)
	at java.util.concurrent.ThreadPoolExecutor$Worker.run(ThreadPoolExecutor.java:624)
	at org.apache.tomcat.util.threads.TaskThread$WrappingRunnable.run(TaskThread.java:61)
	at java.lang.Thread.run(Thread.java:748)
2019-08-16 08:02:58.419 DEBUG MBP-Smilyk --- [nio-8080-exec-2] o.s.w.s.DispatcherServlet                : "ERROR" dispatch for GET "/error", parameters={}
2019-08-16 08:02:58.421 DEBUG MBP-Smilyk --- [nio-8080-exec-2] s.w.s.m.m.a.RequestMappingHandlerMapping : Mapped to public org.springframework.http.ResponseEntity<java.util.Map<java.lang.String, java.lang.Object>> org.springframework.boot.autoconfigure.web.servlet.error.BasicErrorController.error(javax.servlet.http.HttpServletRequest)
2019-08-16 08:02:58.453 DEBUG MBP-Smilyk --- [nio-8080-exec-2] o.s.w.s.m.m.a.HttpEntityMethodProcessor  : Using 'application/json', given [*/*] and supported [application/json, application/*+json, application/json, application/*+json]
2019-08-16 08:02:58.453 DEBUG MBP-Smilyk --- [nio-8080-exec-2] o.s.w.s.m.m.a.HttpEntityMethodProcessor  : Writing [{timestamp=Fri Aug 16 08:02:58 IDT 2019, status=500, error=Internal Server Error, message=Authentica (truncated)...]
2019-08-16 08:02:58.501 DEBUG MBP-Smilyk --- [nio-8080-exec-2] o.s.w.s.DispatcherServlet                : Exiting from "ERROR" dispatch, status 500
2019-08-16 08:03:22.554  INFO MBP-Smilyk --- [       Thread-9] o.s.s.c.ThreadPoolTaskExecutor           : Shutting down ExecutorService 'applicationTaskExecutor'
